<html>
<body>
<pre>
<h1>Vision Build Log</h1>
<h2>Tool Versions:</h2>
IDE-Version: μVision V5.14.0.0
Copyright (C) 2015 ARM Ltd and ARM Germany GmbH. All rights reserved.
License Information: aaa aaaaa, aaa, LIC=FQQNN-YXHIL-RFGIZ-J8J64-HXERK-CXUBD
 
Tool Versions:
Toolchain:       MDK-ARM Professional  Version: 5.14.0.0
Toolchain Path:  D:\keil V5\ARM\ARMCC\Bin
C Compiler:      Armcc.exe V5.05 update 1 (build 106)
Assembler:       Armasm.exe V5.05 update 1 (build 106)
Linker/Locator:  ArmLink.exe V5.05 update 1 (build 106)
Library Manager: ArmAr.exe V5.05 update 1 (build 106)
Hex Converter:   FromElf.exe V5.05 update 1 (build 106)
CPU DLL:         SARMCM3.DLL V5.14.0.0
Dialog DLL:      DARMSTM.DLL V1.65.0.0
Target DLL:      Segger\JL2CM3.dll V2.99.13.0
Dialog DLL:      TARMSTM.DLL V1.64.0.0
 
<h2>Project:</h2>
C:\Users\yangjinhui\Desktop\Pid-Demo\Keil\msOS.uvprojx
Project File Date:  07/30/2018

<h2>Output:</h2>
Build target 'Target 1'
compiling logic.c...
..\SourceFile\System\PID\pid.h(38): error:  #77-D: this declaration has no storage class or type specifier
          ErrValue = App.Data.ErrValue;
..\SourceFile\System\PID\pid.h(38): error:  #101: "ErrValue" has already been declared in the current scope
          ErrValue = App.Data.ErrValue;
..\SourceFile\System\PID\pid.h(38): error:  #65: expected a ";"
          ErrValue = App.Data.ErrValue;
..\SourceFile\System\PID\pid.h(43): error:  #65: expected a ";"
         float *KI=App.Data.KI;
..\SourceFile\System\PID\pid.h(46): error:  #65: expected a ";"
        float *KP=App.Data.KP;
..\SourceFile\App\logic.c: 0 warnings, 5 errors
compiling pid.c...
..\SourceFile\System\PID\pid.h(38): error:  #77-D: this declaration has no storage class or type specifier
          ErrValue = App.Data.ErrValue;
..\SourceFile\System\PID\pid.h(38): error:  #101: "ErrValue" has already been declared in the current scope
          ErrValue = App.Data.ErrValue;
..\SourceFile\System\PID\pid.h(38): error:  #65: expected a ";"
          ErrValue = App.Data.ErrValue;
..\SourceFile\System\PID\pid.h(43): error:  #65: expected a ";"
         float *KI=App.Data.KI;
..\SourceFile\System\PID\pid.h(46): error:  #65: expected a ";"
        float *KP=App.Data.KP;
..\SourceFile\System\PID\pid.c(63): error:  #513: a value of type "int" cannot be assigned to an entity of type "float *"
          Pid.KP = 10;             //P系数为10；
..\SourceFile\System\PID\pid.c(64): error:  #32: expression must have arithmetic type
          DutyRatio = Pid.KP*Pid.ErrValue;  //占空比 
..\SourceFile\System\PID\pid.c(69): error:  #513: a value of type "int" cannot be assigned to an entity of type "float *"
          Pid.KP = 10;
..\SourceFile\System\PID\pid.c(71): error:  #32: expression must have arithmetic type
          DutyRatio = Pid.KP*Pid.ErrValue; 
..\SourceFile\System\PID\pid.c(77): error:  #513: a value of type "int" cannot be assigned to an entity of type "float *"
          Pid.KP = 10;         //P系数为10；
..\SourceFile\System\PID\pid.c(81): error:  #32: expression must have arithmetic type
          DutyRatio = Pid.KP*Pid.ErrValue + Pid.KI*Pid.ErrValue;
..\SourceFile\System\PID\pid.c(81): error:  #32: expression must have arithmetic type
          DutyRatio = Pid.KP*Pid.ErrValue + Pid.KI*Pid.ErrValue;
..\SourceFile\System\PID\pid.c(86): error:  #513: a value of type "int" cannot be assigned to an entity of type "float *"
          Pid.KP = 1;             //P系数为1；
..\SourceFile\System\PID\pid.c(90): error:  #32: expression must have arithmetic type
          DutyRatio = Pid.KP*Pid.ErrValue + Pid.KI*(Pid.ErrValueSum/Pid.times);
..\SourceFile\System\PID\pid.c(90): error:  #136: struct "<unnamed>" has no field "times"
          DutyRatio = Pid.KP*Pid.ErrValue + Pid.KI*(Pid.ErrValueSum/Pid.times);
..\SourceFile\System\PID\pid.c(90): error:  #32: expression must have arithmetic type
          DutyRatio = Pid.KP*Pid.ErrValue + Pid.KI*(Pid.ErrValueSum/Pid.times);
..\SourceFile\System\PID\pid.c(96): error:  #513: a value of type "int" cannot be assigned to an entity of type "float *"
          Pid.KP = 1;             //P系数为1；
..\SourceFile\System\PID\pid.c(101): error:  #513: a value of type "int" cannot be assigned to an entity of type "float *"
              if(Pid.KI<=0)   {Pid.KI = 1;Pid.times1 = 0;}  //防止占空比为0
..\SourceFile\System\PID\pid.c(103): error:  #32: expression must have arithmetic type
          DutyRatio = Pid.KP*Pid.ErrValue + Pid.KI*(Pid.ErrValueSum/Pid.times);
..\SourceFile\System\PID\pid.c(103): error:  #136: struct "<unnamed>" has no field "times"
          DutyRatio = Pid.KP*Pid.ErrValue + Pid.KI*(Pid.ErrValueSum/Pid.times);
..\SourceFile\System\PID\pid.c(103): error:  #32: expression must have arithmetic type
          DutyRatio = Pid.KP*Pid.ErrValue + Pid.KI*(Pid.ErrValueSum/Pid.times);
..\SourceFile\System\PID\pid.c(109): error:  #513: a value of type "int" cannot be assigned to an entity of type "float *"
          Pid.KP = 1;
..\SourceFile\System\PID\pid.c(116): error:  #32: expression must have arithmetic type
              DutyRatio = Pid.KP*Pid.ErrValue + Pid.KI*(Pid.ErrValueSum/Pid.times);
..\SourceFile\System\PID\pid.c(116): error:  #136: struct "<unnamed>" has no field "times"
              DutyRatio = Pid.KP*Pid.ErrValue + Pid.KI*(Pid.ErrValueSum/Pid.times);
..\SourceFile\System\PID\pid.c(116): error:  #32: expression must have arithmetic type
              DutyRatio = Pid.KP*Pid.ErrValue + Pid.KI*(Pid.ErrValueSum/Pid.times);
..\SourceFile\System\PID\pid.c: 0 warnings, 25 errors
".\Output\msOS.axf" - 30 Error(s), 0 Warning(s).

<h2>Software Packages used:</h2>

Package Vendor: ARM
                http://www.keil.com/pack/ARM.CMSIS.4.2.0.pack
                ARM::CMSIS:CORE:3.40.0
                CMSIS (Cortex Microcontroller Software Interface Standard)
   * Component: CORE Version: 3.40.0

<h2>Collection of Component include folders:</h2>
  C:\Users\yangjinhui\Desktop\Pid-Demo\Keil\RTE
  D:\keil V5\ARM\PACK\ARM\CMSIS\4.2.0\CMSIS\Include
  D:\keil V5\ARM\PACK\Keil\STM32F1xx_DFP\1.0.5\Device\Include

<h2>Collection of Component Files used:</h2>

   * Component: ARM::CMSIS:CORE:3.40.0
      Source file:   CMSIS\UserCodeTemplates\ARM\ITM_Retarget.c
Target not created.
</pre>
</body>
</html>
